<?xml version="1.0" encoding="UTF-8"?>
<testng-results ignored="0" total="1" passed="1" failed="0" skipped="0">
  <reporter-output>
  </reporter-output>
  <suite started-at="2025-07-27T13:42:32 IST" name="Suite" finished-at="2025-07-27T13:42:40 IST" duration-ms="7449">
    <groups>
    </groups>
    <test started-at="2025-07-27T13:42:32 IST" name="Test" finished-at="2025-07-27T13:42:40 IST" duration-ms="7449">
      <class name="tests.GoogleTest">
        <test-method is-config="true" signature="setup()[pri:0, instance:tests.GoogleTest@702657cc]" started-at="2025-07-27T13:42:32 IST" name="setup" finished-at="2025-07-27T13:42:35 IST" duration-ms="2536" status="PASS">
          <reporter-output>
          </reporter-output>
        </test-method> <!-- setup -->
        <test-method signature="openGoogle()[pri:0, instance:tests.GoogleTest@702657cc]" started-at="2025-07-27T13:42:35 IST" name="openGoogle" finished-at="2025-07-27T13:42:39 IST" duration-ms="4416" status="PASS">
          <reporter-output>
          </reporter-output>
        </test-method> <!-- openGoogle -->
        <test-method is-config="true" signature="teardown()[pri:0, instance:tests.GoogleTest@702657cc]" started-at="2025-07-27T13:42:39 IST" name="teardown" finished-at="2025-07-27T13:42:40 IST" duration-ms="423" status="PASS">
          <reporter-output>
          </reporter-output>
        </test-method> <!-- teardown -->
      </class> <!-- tests.GoogleTest -->
    </test> <!-- Test -->
  </suite> <!-- Suite -->
</testng-results>
